<?xml version="1.0" encoding="UTF-8"?>
<testng-results skipped="0" failed="0" total="1" passed="1">
  <reporter-output>
  </reporter-output>
  <suite name="Surefire suite" duration-ms="46279" started-at="2019-09-22T06:39:24Z" finished-at="2019-09-22T06:40:10Z">
    <groups>
    </groups>
    <test name="Surefire test" duration-ms="46279" started-at="2019-09-22T06:39:24Z" finished-at="2019-09-22T06:40:10Z">
      <class name="myJenkinsTest.MyJenkinsTest">
        <test-method status="PASS" signature="VarifyTitle()[pri:0, instance:myJenkinsTest.MyJenkinsTest@6df97b55]" name="VarifyTitle" duration-ms="46199" started-at="2019-09-22T12:09:24Z" finished-at="2019-09-22T12:10:10Z">
          <reporter-output>
          </reporter-output>
        </test-method> <!-- VarifyTitle -->
      </class> <!-- myJenkinsTest.MyJenkinsTest -->
    </test> <!-- Surefire test -->
  </suite> <!-- Surefire suite -->
</testng-results>
