<?xml version="1.0" encoding="UTF-8"?>
<testng-results skipped="0" failed="0" total="1" passed="1">
  <reporter-output>
  </reporter-output>
  <suite name="Default suite" duration-ms="34865" started-at="2019-09-21T17:06:16Z" finished-at="2019-09-21T17:06:51Z">
    <groups>
    </groups>
    <test name="Default test" duration-ms="34865" started-at="2019-09-21T17:06:16Z" finished-at="2019-09-21T17:06:51Z">
      <class name="myJenkinsTest.MyJenkinsTest">
        <test-method status="PASS" signature="VarifyTitle()[pri:0, instance:myJenkinsTest.MyJenkinsTest@4ec6a292]" name="VarifyTitle" duration-ms="34812" started-at="2019-09-21T22:36:16Z" finished-at="2019-09-21T22:36:51Z">
          <reporter-output>
          </reporter-output>
        </test-method> <!-- VarifyTitle -->
      </class> <!-- myJenkinsTest.MyJenkinsTest -->
    </test> <!-- Default test -->
  </suite> <!-- Default suite -->
</testng-results>
